  Building 'DetectHook' with toolset 'WindowsKernelModeDriver10.0' and the 'Universal' target platform.
  Stamping Debug\DetectHook.inf
  Stamping [Version] section with DriverVer=04/21/2022,23.15.20.429
  Source.c
C:\Users\Win10-32\Desktop\DetectHook\DetectHook\Source.c(68,34): warning C4996: 'ExAllocatePool': was declared deprecated
C:\Users\Win10-32\Desktop\DetectHook\DetectHook\Source.c(100,29): warning C4098: 'GetDriverName': 'void' function returning a value
C:\Users\Win10-32\Desktop\DetectHook\DetectHook\Source.c(112,16): warning C4133: 'function': incompatible types - from 'PWCHAR' to 'char *'
C:\Users\Win10-32\Desktop\DetectHook\DetectHook\Source.c(112,100): warning C4133: 'function': incompatible types - from 'WCHAR *' to 'const char *'
C:\Users\Win10-32\Desktop\DetectHook\DetectHook\Source.c(132,28): warning C4018: '<': signed/unsigned mismatch
C:\Users\Win10-32\Desktop\DetectHook\DetectHook\Source.c(155,16): warning C4018: '<': signed/unsigned mismatch
C:\Users\Win10-32\Desktop\DetectHook\DetectHook\Source.c(167,20): warning C4477: 'swprintf' : format string '%S' requires an argument of type 'char *', but variadic argument 2 has type 'WCHAR *'
C:\Users\Win10-32\Desktop\DetectHook\DetectHook\Source.c(167,20): message : consider using '%lS' in the format string
C:\Users\Win10-32\Desktop\DetectHook\DetectHook\Source.c(167,20): message : consider using '%llS' in the format string
C:\Users\Win10-32\Desktop\DetectHook\DetectHook\Source.c(167,20): message : consider using '%LS' in the format string
C:\Users\Win10-32\Desktop\DetectHook\DetectHook\Source.c(167,20): message : consider using '%wS' in the format string
C:\Users\Win10-32\Desktop\DetectHook\DetectHook\Source.c(167,20): warning C4477: 'swprintf' : format string '%S' requires an argument of type 'char *', but variadic argument 4 has type 'WCHAR *'
C:\Users\Win10-32\Desktop\DetectHook\DetectHook\Source.c(167,20): message : consider using '%lS' in the format string
C:\Users\Win10-32\Desktop\DetectHook\DetectHook\Source.c(167,20): message : consider using '%llS' in the format string
C:\Users\Win10-32\Desktop\DetectHook\DetectHook\Source.c(167,20): message : consider using '%LS' in the format string
C:\Users\Win10-32\Desktop\DetectHook\DetectHook\Source.c(167,20): message : consider using '%wS' in the format string
C:\Users\Win10-32\Desktop\DetectHook\DetectHook\Source.c(188,64): warning C4047: '<': 'PDRIVER_DISPATCH' differs in levels of indirection from 'ULONG'
C:\Users\Win10-32\Desktop\DetectHook\DetectHook\Source.c(188,125): warning C4047: '>': 'PDRIVER_DISPATCH' differs in levels of indirection from 'ULONG'
C:\Users\Win10-32\Desktop\DetectHook\DetectHook\Source.c(193,57): warning C4047: 'function': 'ULONG' differs in levels of indirection from 'PDRIVER_DISPATCH'
C:\Users\Win10-32\Desktop\DetectHook\DetectHook\Source.c(193,54): warning C4024: 'GetDriverName': different types for formal and actual parameter 1
C:\Users\Win10-32\Desktop\DetectHook\DetectHook\Source.c(198,20): warning C4242: 'function': conversion from 'int' to 'USHORT', possible loss of data
C:\Users\Win10-32\Desktop\DetectHook\DetectHook\Source.c(201,21): warning C4477: 'swprintf' : format string '%x' requires an argument of type 'unsigned int', but variadic argument 1 has type 'PDRIVER_DISPATCH'
C:\Users\Win10-32\Desktop\DetectHook\DetectHook\Source.c(201,21): warning C4477: 'swprintf' : format string '%S' requires an argument of type 'char *', but variadic argument 2 has type 'WCHAR *'
C:\Users\Win10-32\Desktop\DetectHook\DetectHook\Source.c(201,21): message : consider using '%lS' in the format string
C:\Users\Win10-32\Desktop\DetectHook\DetectHook\Source.c(201,21): message : consider using '%llS' in the format string
C:\Users\Win10-32\Desktop\DetectHook\DetectHook\Source.c(201,21): message : consider using '%LS' in the format string
C:\Users\Win10-32\Desktop\DetectHook\DetectHook\Source.c(201,21): message : consider using '%wS' in the format string
C:\Users\Win10-32\Desktop\DetectHook\DetectHook\Source.c(372,29): warning C4047: 'return': 'PVOID' differs in levels of indirection from 'NTSTATUS'
C:\Users\Win10-32\Desktop\DetectHook\DetectHook\Source.c(391,2): warning C4033: 'ScanHook' must return a value
C:\Users\Win10-32\Desktop\DetectHook\DetectHook\Source.c(392): warning C4715: 'ScanHook': not all control paths return a value
  DetectHook.vcxproj -> C:\Users\Win10-32\Desktop\DetectHook\Debug\DetectHook.sys
  Done Adding Additional Store
  Successfully signed: C:\Users\Win10-32\Desktop\DetectHook\Debug\DetectHook.sys
  
  Driver is 'Universal'.
  .........................
  Signability test complete.
  
  Errors:
  None
  
  Warnings:
  None
  
  Catalog generation complete.
  C:\Users\Win10-32\Desktop\DetectHook\Debug\DetectHook\detecthook.cat
  Done Adding Additional Store
  Successfully signed: C:\Users\Win10-32\Desktop\DetectHook\Debug\DetectHook\detecthook.cat
  
