e:\code\hookssdt\hookssdt\debug\vc142.pdb
e:\code\hookssdt\hookssdt\debug\source.obj
c:\users\vuaph\onedrive\documents\github\hooking\hookssdt\hookssdt\debug\vc142.pdb
c:\users\vuaph\onedrive\documents\github\hooking\hookssdt\hookssdt\debug\ssdthook.obj
c:\users\vuaph\onedrive\documents\github\hooking\hookssdt\hookssdt\debug\driver.obj
c:\users\vuaph\onedrive\documents\github\hooking\hookssdt\hookssdt\debug\inlinehook.obj
e:\code\hookssdt\debug\hookssdt\hookssdt.cat
e:\code\hookssdt\debug\hookssdt.sys
e:\code\hookssdt\debug\hookssdt.pdb
e:\code\hookssdt\hookssdt\debug\hookssdt.inf
c:\users\vuaph\onedrive\documents\github\hooking\hookssdt\hookssdt\debug\hookssdt.inf
c:\users\vuaph\onedrive\documents\github\hooking\hookssdt\debug\hookssdt.cer
c:\users\vuaph\onedrive\documents\github\hooking\hookssdt\debug\hookssdt.inf
c:\users\vuaph\onedrive\documents\github\hooking\hookssdt\hookssdt\debug\source.obj
c:\users\vuaph\onedrive\documents\github\hooking\hookssdt\debug\hookssdt.pdb
c:\users\vuaph\onedrive\documents\github\hooking\hookssdt\hookssdt\debug\hookssdt.tlog\cl.command.1.tlog
c:\users\vuaph\onedrive\documents\github\hooking\hookssdt\hookssdt\debug\hookssdt.tlog\cl.read.1.tlog
c:\users\vuaph\onedrive\documents\github\hooking\hookssdt\hookssdt\debug\hookssdt.tlog\cl.write.1.tlog
c:\users\vuaph\onedrive\documents\github\hooking\hookssdt\hookssdt\debug\hookssdt.tlog\inf2cat-expand.11616.read.1.tlog
c:\users\vuaph\onedrive\documents\github\hooking\hookssdt\hookssdt\debug\hookssdt.tlog\inf2cat-expand.11616.write.1.tlog
c:\users\vuaph\onedrive\documents\github\hooking\hookssdt\hookssdt\debug\hookssdt.tlog\inf2cat-expand.1300.read.1.tlog
c:\users\vuaph\onedrive\documents\github\hooking\hookssdt\hookssdt\debug\hookssdt.tlog\inf2cat-expand.1300.write.1.tlog
c:\users\vuaph\onedrive\documents\github\hooking\hookssdt\hookssdt\debug\hookssdt.tlog\inf2cat-expand.13456.read.1.tlog
c:\users\vuaph\onedrive\documents\github\hooking\hookssdt\hookssdt\debug\hookssdt.tlog\inf2cat-expand.13456.write.1.tlog
c:\users\vuaph\onedrive\documents\github\hooking\hookssdt\hookssdt\debug\hookssdt.tlog\inf2cat-expand.14988.read.1.tlog
c:\users\vuaph\onedrive\documents\github\hooking\hookssdt\hookssdt\debug\hookssdt.tlog\inf2cat-expand.14988.write.1.tlog
c:\users\vuaph\onedrive\documents\github\hooking\hookssdt\hookssdt\debug\hookssdt.tlog\inf2cat-expand.15976.read.1.tlog
c:\users\vuaph\onedrive\documents\github\hooking\hookssdt\hookssdt\debug\hookssdt.tlog\inf2cat-expand.15976.write.1.tlog
c:\users\vuaph\onedrive\documents\github\hooking\hookssdt\hookssdt\debug\hookssdt.tlog\inf2cat-expand.17080.read.1.tlog
c:\users\vuaph\onedrive\documents\github\hooking\hookssdt\hookssdt\debug\hookssdt.tlog\inf2cat-expand.17080.write.1.tlog
c:\users\vuaph\onedrive\documents\github\hooking\hookssdt\hookssdt\debug\hookssdt.tlog\inf2cat-expand.19296.read.1.tlog
c:\users\vuaph\onedrive\documents\github\hooking\hookssdt\hookssdt\debug\hookssdt.tlog\inf2cat-expand.19296.write.1.tlog
c:\users\vuaph\onedrive\documents\github\hooking\hookssdt\hookssdt\debug\hookssdt.tlog\inf2cat-expand.19628.read.1.tlog
c:\users\vuaph\onedrive\documents\github\hooking\hookssdt\hookssdt\debug\hookssdt.tlog\inf2cat-expand.19628.write.1.tlog
c:\users\vuaph\onedrive\documents\github\hooking\hookssdt\hookssdt\debug\hookssdt.tlog\inf2cat-expand.9424.read.1.tlog
c:\users\vuaph\onedrive\documents\github\hooking\hookssdt\hookssdt\debug\hookssdt.tlog\inf2cat-expand.9424.write.1.tlog
c:\users\vuaph\onedrive\documents\github\hooking\hookssdt\hookssdt\debug\hookssdt.tlog\inf2cat-expand.read.1.tlog
c:\users\vuaph\onedrive\documents\github\hooking\hookssdt\hookssdt\debug\hookssdt.tlog\inf2cat-expand.write.1.tlog
c:\users\vuaph\onedrive\documents\github\hooking\hookssdt\hookssdt\debug\hookssdt.tlog\inf2cat.command.1.tlog
c:\users\vuaph\onedrive\documents\github\hooking\hookssdt\hookssdt\debug\hookssdt.tlog\inf2cat.read.1.tlog
c:\users\vuaph\onedrive\documents\github\hooking\hookssdt\hookssdt\debug\hookssdt.tlog\inf2cat.read.8.tlog
c:\users\vuaph\onedrive\documents\github\hooking\hookssdt\hookssdt\debug\hookssdt.tlog\inf2cat.write.1.tlog
c:\users\vuaph\onedrive\documents\github\hooking\hookssdt\hookssdt\debug\hookssdt.tlog\inf2cat.write.8.tlog
c:\users\vuaph\onedrive\documents\github\hooking\hookssdt\hookssdt\debug\hookssdt.tlog\link.command.1.tlog
c:\users\vuaph\onedrive\documents\github\hooking\hookssdt\hookssdt\debug\hookssdt.tlog\link.read.1.tlog
c:\users\vuaph\onedrive\documents\github\hooking\hookssdt\hookssdt\debug\hookssdt.tlog\link.write.1.tlog
c:\users\vuaph\onedrive\documents\github\hooking\hookssdt\hookssdt\debug\hookssdt.tlog\signtool.command.1.tlog
c:\users\vuaph\onedrive\documents\github\hooking\hookssdt\hookssdt\debug\hookssdt.tlog\signtool.read.1.tlog
c:\users\vuaph\onedrive\documents\github\hooking\hookssdt\hookssdt\debug\hookssdt.tlog\signtool.timestamp.1.tlog
c:\users\vuaph\onedrive\documents\github\hooking\hookssdt\hookssdt\debug\hookssdt.tlog\signtool.write.1.tlog
c:\users\vuaph\onedrive\documents\github\hooking\hookssdt\hookssdt\debug\hookssdt.tlog\stampinf.command.1.tlog
c:\users\vuaph\onedrive\documents\github\hooking\hookssdt\hookssdt\debug\hookssdt.tlog\stampinf.read.1.tlog
c:\users\vuaph\onedrive\documents\github\hooking\hookssdt\hookssdt\debug\hookssdt.tlog\stampinf.write.1.tlog
